[2019-08-12 20:56:14.291] [renderer1] [error] Error: [File Watcher (chokidar)] Inotify limit reached (ENOSPC)
[2019-08-12 20:56:14.301] [renderer1] [error] [File Watcher (chokidar)] Inotify limit reached (ENOSPC)
[2019-08-12 21:00:41.312] [renderer1] [error] <semantic> TypeScript Server Error (3.5.2)
Cannot read property 'parent' of undefined
TypeError: Cannot read property 'parent' of undefined
    at Object.deleteDeclaration (tsserver.js:112665:56)
    at _loop_9 (tsserver.js:112284:47)
    at ChangeTracker.finishDeleteDeclarations (tsserver.js:112291:21)
    at ChangeTracker.getChanges (tsserver.js:112311:22)
    at Function.ChangeTracker.with (tsserver.js:111856:32)
    at Object.getCodeActions (tsserver.js:116453:68)
    at tsserver.js:112841:121
    at Object.flatMap (tsserver.js:573:25)
    at Object.getFixes (tsserver.js:112841:23)
    at tsserver.js:122417:35
    at Object.flatMap (tsserver.js:573:25)
    at Object.getCodeFixesAtPosition (tsserver.js:122415:23)
    at IOSession.Session.getCodeFixes (tsserver.js:131471:64)
    at Session.handlers.ts.createMapFromTemplate._a.(anonymous function) (tsserver.js:130221:61)
    at tsserver.js:131665:88
    at IOSession.Session.executeWithRequestId (tsserver.js:131656:28)
    at IOSession.Session.executeCommand (tsserver.js:131665:33)
    at IOSession.Session.onMessage (tsserver.js:131687:35)
    at Interface.<anonymous> (tsserver.js:132978:27)
    at Interface.emit (events.js:182:13)
    at Interface._onLine (readline.js:290:10)
    at Interface._normalWrite (readline.js:433:12)
    at Socket.ondata (readline.js:149:10)
    at Socket.emit (events.js:182:13)
    at addChunk (_stream_readable.js:283:12)
    at readableAddChunk (_stream_readable.js:264:11)
    at Socket.Readable.push (_stream_readable.js:219:10)
    at Pipe.onStreamRead [as onread] (internal/stream_base_commons.js:94:17): Error: <semantic> TypeScript Server Error (3.5.2)
Cannot read property 'parent' of undefined
TypeError: Cannot read property 'parent' of undefined
    at Object.deleteDeclaration (tsserver.js:112665:56)
    at _loop_9 (tsserver.js:112284:47)
    at ChangeTracker.finishDeleteDeclarations (tsserver.js:112291:21)
    at ChangeTracker.getChanges (tsserver.js:112311:22)
    at Function.ChangeTracker.with (tsserver.js:111856:32)
    at Object.getCodeActions (tsserver.js:116453:68)
    at tsserver.js:112841:121
    at Object.flatMap (tsserver.js:573:25)
    at Object.getFixes (tsserver.js:112841:23)
    at tsserver.js:122417:35
    at Object.flatMap (tsserver.js:573:25)
    at Object.getCodeFixesAtPosition (tsserver.js:122415:23)
    at IOSession.Session.getCodeFixes (tsserver.js:131471:64)
    at Session.handlers.ts.createMapFromTemplate._a.(anonymous function) (tsserver.js:130221:61)
    at tsserver.js:131665:88
    at IOSession.Session.executeWithRequestId (tsserver.js:131656:28)
    at IOSession.Session.executeCommand (tsserver.js:131665:33)
    at IOSession.Session.onMessage (tsserver.js:131687:35)
    at Interface.<anonymous> (tsserver.js:132978:27)
    at Interface.emit (events.js:182:13)
    at Interface._onLine (readline.js:290:10)
    at Interface._normalWrite (readline.js:433:12)
    at Socket.ondata (readline.js:149:10)
    at Socket.emit (events.js:182:13)
    at addChunk (_stream_readable.js:283:12)
    at readableAddChunk (_stream_readable.js:264:11)
    at Socket.Readable.push (_stream_readable.js:219:10)
    at Pipe.onStreamRead [as onread] (internal/stream_base_commons.js:94:17)
	at Function.create (/snap/code/12/usr/share/code/resources/app/extensions/typescript-language-features/dist/extension.js:53:63463)
	at h.dispatchResponse (/snap/code/12/usr/share/code/resources/app/extensions/typescript-language-features/dist/extension.js:53:56618)
	at h.dispatchMessage (/snap/code/12/usr/share/code/resources/app/extensions/typescript-language-features/dist/extension.js:53:55516)
	at constructor._reader.onData.e (/snap/code/12/usr/share/code/resources/app/extensions/typescript-language-features/dist/extension.js:53:54992)
	at u.fire (/snap/code/12/usr/share/code/resources/app/out/vs/workbench/services/extensions/node/extensionHostProcess.js:50:207)
	at t.Reader.onLengthData (/snap/code/12/usr/share/code/resources/app/extensions/typescript-language-features/dist/extension.js:53:61683)
	at Socket.t.Reader.constructor.e.on.e (/snap/code/12/usr/share/code/resources/app/extensions/typescript-language-features/dist/extension.js:53:61331)
	at Socket.emit (events.js:182:13)
	at addChunk (_stream_readable.js:283:12)
	at readableAddChunk (_stream_readable.js:264:11)
	at Socket.Readable.push (_stream_readable.js:219:10)
	at Pipe.onStreamRead [as onread] (internal/stream_base_commons.js:94:17)
[2019-08-13 00:57:05.527] [renderer1] [error] <semantic> TypeScript Server Error (3.5.2)
Debug Failure. Did not expect JsxSelfClosingElement to have an Identifier in its trivia
Error: Debug Failure. Did not expect JsxSelfClosingElement to have an Identifier in its trivia
    at addSyntheticNodes (tsserver.js:121116:30)
    at createChildren (tsserver.js:121105:9)
    at NodeObject.getChildren (tsserver.js:121049:56)
    at find (tsserver.js:96736:30)
    at find (tsserver.js:96756:32)
    at find (tsserver.js:96756:32)
    at find (tsserver.js:96756:32)
    at find (tsserver.js:96756:32)
    at find (tsserver.js:96756:32)
    at find (tsserver.js:96756:32)
    at find (tsserver.js:96756:32)
    at find (tsserver.js:96756:32)
    at find (tsserver.js:96756:32)
    at find (tsserver.js:96756:32)
    at find (tsserver.js:96756:32)
    at find (tsserver.js:96756:32)
    at find (tsserver.js:96756:32)
    at Object.findPrecedingToken (tsserver.js:96729:22)
    at Object.getCompletionsAtPosition (tsserver.js:99520:35)
    at Object.getCompletionsAtPosition (tsserver.js:122105:35)
    at IOSession.Session.getCompletions (tsserver.js:131147:64)
    at Session.handlers.ts.createMapFromTemplate._a.(anonymous function) (tsserver.js:130097:61)
    at tsserver.js:131665:88
    at IOSession.Session.executeWithRequestId (tsserver.js:131656:28)
    at IOSession.Session.executeCommand (tsserver.js:131665:33)
    at IOSession.Session.onMessage (tsserver.js:131687:35)
    at Interface.<anonymous> (tsserver.js:132978:27)
    at Interface.emit (events.js:182:13)
    at Interface._onLine (readline.js:290:10)
    at Interface._normalWrite (readline.js:433:12)
    at Socket.ondata (readline.js:149:10)
    at Socket.emit (events.js:182:13)
    at addChunk (_stream_readable.js:283:12)
    at readableAddChunk (_stream_readable.js:264:11)
    at Socket.Readable.push (_stream_readable.js:219:10)
    at Pipe.onStreamRead [as onread] (internal/stream_base_commons.js:94:17): Error: <semantic> TypeScript Server Error (3.5.2)
Debug Failure. Did not expect JsxSelfClosingElement to have an Identifier in its trivia
Error: Debug Failure. Did not expect JsxSelfClosingElement to have an Identifier in its trivia
    at addSyntheticNodes (tsserver.js:121116:30)
    at createChildren (tsserver.js:121105:9)
    at NodeObject.getChildren (tsserver.js:121049:56)
    at find (tsserver.js:96736:30)
    at find (tsserver.js:96756:32)
    at find (tsserver.js:96756:32)
    at find (tsserver.js:96756:32)
    at find (tsserver.js:96756:32)
    at find (tsserver.js:96756:32)
    at find (tsserver.js:96756:32)
    at find (tsserver.js:96756:32)
    at find (tsserver.js:96756:32)
    at find (tsserver.js:96756:32)
    at find (tsserver.js:96756:32)
    at find (tsserver.js:96756:32)
    at find (tsserver.js:96756:32)
    at find (tsserver.js:96756:32)
    at Object.findPrecedingToken (tsserver.js:96729:22)
    at Object.getCompletionsAtPosition (tsserver.js:99520:35)
    at Object.getCompletionsAtPosition (tsserver.js:122105:35)
    at IOSession.Session.getCompletions (tsserver.js:131147:64)
    at Session.handlers.ts.createMapFromTemplate._a.(anonymous function) (tsserver.js:130097:61)
    at tsserver.js:131665:88
    at IOSession.Session.executeWithRequestId (tsserver.js:131656:28)
    at IOSession.Session.executeCommand (tsserver.js:131665:33)
    at IOSession.Session.onMessage (tsserver.js:131687:35)
    at Interface.<anonymous> (tsserver.js:132978:27)
    at Interface.emit (events.js:182:13)
    at Interface._onLine (readline.js:290:10)
    at Interface._normalWrite (readline.js:433:12)
    at Socket.ondata (readline.js:149:10)
    at Socket.emit (events.js:182:13)
    at addChunk (_stream_readable.js:283:12)
    at readableAddChunk (_stream_readable.js:264:11)
    at Socket.Readable.push (_stream_readable.js:219:10)
    at Pipe.onStreamRead [as onread] (internal/stream_base_commons.js:94:17)
	at Function.create (/snap/code/12/usr/share/code/resources/app/extensions/typescript-language-features/dist/extension.js:53:63463)
	at h.dispatchResponse (/snap/code/12/usr/share/code/resources/app/extensions/typescript-language-features/dist/extension.js:53:56618)
	at h.dispatchMessage (/snap/code/12/usr/share/code/resources/app/extensions/typescript-language-features/dist/extension.js:53:55516)
	at constructor._reader.onData.e (/snap/code/12/usr/share/code/resources/app/extensions/typescript-language-features/dist/extension.js:53:54992)
	at u.fire (/snap/code/12/usr/share/code/resources/app/out/vs/workbench/services/extensions/node/extensionHostProcess.js:50:207)
	at t.Reader.onLengthData (/snap/code/12/usr/share/code/resources/app/extensions/typescript-language-features/dist/extension.js:53:61683)
	at Socket.t.Reader.constructor.e.on.e (/snap/code/12/usr/share/code/resources/app/extensions/typescript-language-features/dist/extension.js:53:61331)
	at Socket.emit (events.js:182:13)
	at addChunk (_stream_readable.js:283:12)
	at readableAddChunk (_stream_readable.js:264:11)
	at Socket.Readable.push (_stream_readable.js:219:10)
	at Pipe.onStreamRead [as onread] (internal/stream_base_commons.js:94:17)
[2019-08-13 00:57:05.737] [renderer1] [error] <semantic> TypeScript Server Error (3.5.2)
Debug Failure. Did not expect JsxSelfClosingElement to have an Identifier in its trivia
Error: Debug Failure. Did not expect JsxSelfClosingElement to have an Identifier in its trivia
    at addSyntheticNodes (tsserver.js:121116:30)
    at createChildren (tsserver.js:121105:9)
    at NodeObject.getChildren (tsserver.js:121049:56)
    at getTokenAtPositionWorker (tsserver.js:96666:43)
    at Object.getTokenAtPosition (tsserver.js:96658:16)
    at getInfo (tsserver.js:117588:28)
    at Object.getAvailableActions (tsserver.js:117572:28)
    at tsserver.js:112890:128
    at getIterator (tsserver.js:627:23)
    at Object.flatMapIterator (tsserver.js:610:27)
    at Object.getApplicableRefactors (tsserver.js:112889:36)
    at Object.getApplicableRefactors (tsserver.js:122652:32)
    at IOSession.Session.getApplicableRefactors (tsserver.js:131421:53)
    at Session.handlers.ts.createMapFromTemplate._a.(anonymous function) (tsserver.js:130239:61)
    at tsserver.js:131665:88
    at IOSession.Session.executeWithRequestId (tsserver.js:131656:28)
    at IOSession.Session.executeCommand (tsserver.js:131665:33)
    at IOSession.Session.onMessage (tsserver.js:131687:35)
    at Interface.<anonymous> (tsserver.js:132978:27)
    at Interface.emit (events.js:182:13)
    at Interface._onLine (readline.js:290:10)
    at Interface._normalWrite (readline.js:433:12)
    at Socket.ondata (readline.js:149:10)
    at Socket.emit (events.js:182:13)
    at addChunk (_stream_readable.js:283:12)
    at readableAddChunk (_stream_readable.js:264:11)
    at Socket.Readable.push (_stream_readable.js:219:10)
    at Pipe.onStreamRead [as onread] (internal/stream_base_commons.js:94:17): Error: <semantic> TypeScript Server Error (3.5.2)
Debug Failure. Did not expect JsxSelfClosingElement to have an Identifier in its trivia
Error: Debug Failure. Did not expect JsxSelfClosingElement to have an Identifier in its trivia
    at addSyntheticNodes (tsserver.js:121116:30)
    at createChildren (tsserver.js:121105:9)
    at NodeObject.getChildren (tsserver.js:121049:56)
    at getTokenAtPositionWorker (tsserver.js:96666:43)
    at Object.getTokenAtPosition (tsserver.js:96658:16)
    at getInfo (tsserver.js:117588:28)
    at Object.getAvailableActions (tsserver.js:117572:28)
    at tsserver.js:112890:128
    at getIterator (tsserver.js:627:23)
    at Object.flatMapIterator (tsserver.js:610:27)
    at Object.getApplicableRefactors (tsserver.js:112889:36)
    at Object.getApplicableRefactors (tsserver.js:122652:32)
    at IOSession.Session.getApplicableRefactors (tsserver.js:131421:53)
    at Session.handlers.ts.createMapFromTemplate._a.(anonymous function) (tsserver.js:130239:61)
    at tsserver.js:131665:88
    at IOSession.Session.executeWithRequestId (tsserver.js:131656:28)
    at IOSession.Session.executeCommand (tsserver.js:131665:33)
    at IOSession.Session.onMessage (tsserver.js:131687:35)
    at Interface.<anonymous> (tsserver.js:132978:27)
    at Interface.emit (events.js:182:13)
    at Interface._onLine (readline.js:290:10)
    at Interface._normalWrite (readline.js:433:12)
    at Socket.ondata (readline.js:149:10)
    at Socket.emit (events.js:182:13)
    at addChunk (_stream_readable.js:283:12)
    at readableAddChunk (_stream_readable.js:264:11)
    at Socket.Readable.push (_stream_readable.js:219:10)
    at Pipe.onStreamRead [as onread] (internal/stream_base_commons.js:94:17)
	at Function.create (/snap/code/12/usr/share/code/resources/app/extensions/typescript-language-features/dist/extension.js:53:63463)
	at h.dispatchResponse (/snap/code/12/usr/share/code/resources/app/extensions/typescript-language-features/dist/extension.js:53:56618)
	at h.dispatchMessage (/snap/code/12/usr/share/code/resources/app/extensions/typescript-language-features/dist/extension.js:53:55516)
	at constructor._reader.onData.e (/snap/code/12/usr/share/code/resources/app/extensions/typescript-language-features/dist/extension.js:53:54992)
	at u.fire (/snap/code/12/usr/share/code/resources/app/out/vs/workbench/services/extensions/node/extensionHostProcess.js:50:207)
	at t.Reader.onLengthData (/snap/code/12/usr/share/code/resources/app/extensions/typescript-language-features/dist/extension.js:53:61683)
	at Socket.t.Reader.constructor.e.on.e (/snap/code/12/usr/share/code/resources/app/extensions/typescript-language-features/dist/extension.js:53:61331)
	at Socket.emit (events.js:182:13)
	at addChunk (_stream_readable.js:283:12)
	at readableAddChunk (_stream_readable.js:264:11)
	at Socket.Readable.push (_stream_readable.js:219:10)
	at Pipe.onStreamRead [as onread] (internal/stream_base_commons.js:94:17)
[2019-08-13 00:57:06.068] [renderer1] [error] <semantic> TypeScript Server Error (3.5.2)
Debug Failure. Did not expect JsxSelfClosingElement to have an Identifier in its trivia
Error: Debug Failure. Did not expect JsxSelfClosingElement to have an Identifier in its trivia
    at addSyntheticNodes (tsserver.js:121116:30)
    at createChildren (tsserver.js:121105:9)
    at NodeObject.getChildren (tsserver.js:121049:56)
    at getTokenAtPositionWorker (tsserver.js:96666:43)
    at getTouchingToken (tsserver.js:96653:16)
    at Object.getTouchingPropertyName (tsserver.js:96645:16)
    at Object.getDocumentHighlights (tsserver.js:101335:27)
    at Object.getDocumentHighlights (tsserver.js:122207:42)
    at IOSession.Session.getDocumentHighlights (tsserver.js:130800:71)
    at Session.handlers.ts.createMapFromTemplate._a.(anonymous function) (tsserver.js:130201:61)
    at tsserver.js:131665:88
    at IOSession.Session.executeWithRequestId (tsserver.js:131656:28)
    at IOSession.Session.executeCommand (tsserver.js:131665:33)
    at IOSession.Session.onMessage (tsserver.js:131687:35)
    at Interface.<anonymous> (tsserver.js:132978:27)
    at Interface.emit (events.js:182:13)
    at Interface._onLine (readline.js:290:10)
    at Interface._normalWrite (readline.js:433:12)
    at Socket.ondata (readline.js:149:10)
    at Socket.emit (events.js:182:13)
    at addChunk (_stream_readable.js:283:12)
    at readableAddChunk (_stream_readable.js:264:11)
    at Socket.Readable.push (_stream_readable.js:219:10)
    at Pipe.onStreamRead [as onread] (internal/stream_base_commons.js:94:17): Error: <semantic> TypeScript Server Error (3.5.2)
Debug Failure. Did not expect JsxSelfClosingElement to have an Identifier in its trivia
Error: Debug Failure. Did not expect JsxSelfClosingElement to have an Identifier in its trivia
    at addSyntheticNodes (tsserver.js:121116:30)
    at createChildren (tsserver.js:121105:9)
    at NodeObject.getChildren (tsserver.js:121049:56)
    at getTokenAtPositionWorker (tsserver.js:96666:43)
    at getTouchingToken (tsserver.js:96653:16)
    at Object.getTouchingPropertyName (tsserver.js:96645:16)
    at Object.getDocumentHighlights (tsserver.js:101335:27)
    at Object.getDocumentHighlights (tsserver.js:122207:42)
    at IOSession.Session.getDocumentHighlights (tsserver.js:130800:71)
    at Session.handlers.ts.createMapFromTemplate._a.(anonymous function) (tsserver.js:130201:61)
    at tsserver.js:131665:88
    at IOSession.Session.executeWithRequestId (tsserver.js:131656:28)
    at IOSession.Session.executeCommand (tsserver.js:131665:33)
    at IOSession.Session.onMessage (tsserver.js:131687:35)
    at Interface.<anonymous> (tsserver.js:132978:27)
    at Interface.emit (events.js:182:13)
    at Interface._onLine (readline.js:290:10)
    at Interface._normalWrite (readline.js:433:12)
    at Socket.ondata (readline.js:149:10)
    at Socket.emit (events.js:182:13)
    at addChunk (_stream_readable.js:283:12)
    at readableAddChunk (_stream_readable.js:264:11)
    at Socket.Readable.push (_stream_readable.js:219:10)
    at Pipe.onStreamRead [as onread] (internal/stream_base_commons.js:94:17)
	at Function.create (/snap/code/12/usr/share/code/resources/app/extensions/typescript-language-features/dist/extension.js:53:63463)
	at h.dispatchResponse (/snap/code/12/usr/share/code/resources/app/extensions/typescript-language-features/dist/extension.js:53:56618)
	at h.dispatchMessage (/snap/code/12/usr/share/code/resources/app/extensions/typescript-language-features/dist/extension.js:53:55516)
	at constructor._reader.onData.e (/snap/code/12/usr/share/code/resources/app/extensions/typescript-language-features/dist/extension.js:53:54992)
	at u.fire (/snap/code/12/usr/share/code/resources/app/out/vs/workbench/services/extensions/node/extensionHostProcess.js:50:207)
	at t.Reader.onLengthData (/snap/code/12/usr/share/code/resources/app/extensions/typescript-language-features/dist/extension.js:53:61683)
	at Socket.t.Reader.constructor.e.on.e (/snap/code/12/usr/share/code/resources/app/extensions/typescript-language-features/dist/extension.js:53:61331)
	at Socket.emit (events.js:182:13)
	at addChunk (_stream_readable.js:283:12)
	at readableAddChunk (_stream_readable.js:264:11)
	at Socket.Readable.push (_stream_readable.js:219:10)
	at Pipe.onStreamRead [as onread] (internal/stream_base_commons.js:94:17)
[2019-08-13 00:57:06.307] [renderer1] [error] <semantic> TypeScript Server Error (3.5.2)
Debug Failure. Did not expect JsxSelfClosingElement to have an Identifier in its trivia
Error: Debug Failure. Did not expect JsxSelfClosingElement to have an Identifier in its trivia
    at addSyntheticNodes (tsserver.js:121116:30)
    at createChildren (tsserver.js:121105:9)
    at NodeObject.getChildren (tsserver.js:121049:56)
    at getTokenAtPositionWorker (tsserver.js:96666:43)
    at Object.getTokenAtPosition (tsserver.js:96658:16)
    at getInfo (tsserver.js:117588:28)
    at Object.getAvailableActions (tsserver.js:117572:28)
    at tsserver.js:112890:128
    at getIterator (tsserver.js:627:23)
    at Object.flatMapIterator (tsserver.js:610:27)
    at Object.getApplicableRefactors (tsserver.js:112889:36)
    at Object.getApplicableRefactors (tsserver.js:122652:32)
    at IOSession.Session.getApplicableRefactors (tsserver.js:131421:53)
    at Session.handlers.ts.createMapFromTemplate._a.(anonymous function) (tsserver.js:130239:61)
    at tsserver.js:131665:88
    at IOSession.Session.executeWithRequestId (tsserver.js:131656:28)
    at IOSession.Session.executeCommand (tsserver.js:131665:33)
    at IOSession.Session.onMessage (tsserver.js:131687:35)
    at Interface.<anonymous> (tsserver.js:132978:27)
    at Interface.emit (events.js:182:13)
    at Interface._onLine (readline.js:290:10)
    at Interface._normalWrite (readline.js:433:12)
    at Socket.ondata (readline.js:149:10)
    at Socket.emit (events.js:182:13)
    at addChunk (_stream_readable.js:283:12)
    at readableAddChunk (_stream_readable.js:264:11)
    at Socket.Readable.push (_stream_readable.js:219:10)
    at Pipe.onStreamRead [as onread] (internal/stream_base_commons.js:94:17): Error: <semantic> TypeScript Server Error (3.5.2)
Debug Failure. Did not expect JsxSelfClosingElement to have an Identifier in its trivia
Error: Debug Failure. Did not expect JsxSelfClosingElement to have an Identifier in its trivia
    at addSyntheticNodes (tsserver.js:121116:30)
    at createChildren (tsserver.js:121105:9)
    at NodeObject.getChildren (tsserver.js:121049:56)
    at getTokenAtPositionWorker (tsserver.js:96666:43)
    at Object.getTokenAtPosition (tsserver.js:96658:16)
    at getInfo (tsserver.js:117588:28)
    at Object.getAvailableActions (tsserver.js:117572:28)
    at tsserver.js:112890:128
    at getIterator (tsserver.js:627:23)
    at Object.flatMapIterator (tsserver.js:610:27)
    at Object.getApplicableRefactors (tsserver.js:112889:36)
    at Object.getApplicableRefactors (tsserver.js:122652:32)
    at IOSession.Session.getApplicableRefactors (tsserver.js:131421:53)
    at Session.handlers.ts.createMapFromTemplate._a.(anonymous function) (tsserver.js:130239:61)
    at tsserver.js:131665:88
    at IOSession.Session.executeWithRequestId (tsserver.js:131656:28)
    at IOSession.Session.executeCommand (tsserver.js:131665:33)
    at IOSession.Session.onMessage (tsserver.js:131687:35)
    at Interface.<anonymous> (tsserver.js:132978:27)
    at Interface.emit (events.js:182:13)
    at Interface._onLine (readline.js:290:10)
    at Interface._normalWrite (readline.js:433:12)
    at Socket.ondata (readline.js:149:10)
    at Socket.emit (events.js:182:13)
    at addChunk (_stream_readable.js:283:12)
    at readableAddChunk (_stream_readable.js:264:11)
    at Socket.Readable.push (_stream_readable.js:219:10)
    at Pipe.onStreamRead [as onread] (internal/stream_base_commons.js:94:17)
	at Function.create (/snap/code/12/usr/share/code/resources/app/extensions/typescript-language-features/dist/extension.js:53:63463)
	at h.dispatchResponse (/snap/code/12/usr/share/code/resources/app/extensions/typescript-language-features/dist/extension.js:53:56618)
	at h.dispatchMessage (/snap/code/12/usr/share/code/resources/app/extensions/typescript-language-features/dist/extension.js:53:55516)
	at constructor._reader.onData.e (/snap/code/12/usr/share/code/resources/app/extensions/typescript-language-features/dist/extension.js:53:54992)
	at u.fire (/snap/code/12/usr/share/code/resources/app/out/vs/workbench/services/extensions/node/extensionHostProcess.js:50:207)
	at t.Reader.onLengthData (/snap/code/12/usr/share/code/resources/app/extensions/typescript-language-features/dist/extension.js:53:61683)
	at Socket.t.Reader.constructor.e.on.e (/snap/code/12/usr/share/code/resources/app/extensions/typescript-language-features/dist/extension.js:53:61331)
	at Socket.emit (events.js:182:13)
	at addChunk (_stream_readable.js:283:12)
	at readableAddChunk (_stream_readable.js:264:11)
	at Socket.Readable.push (_stream_readable.js:219:10)
	at Pipe.onStreamRead [as onread] (internal/stream_base_commons.js:94:17)
[2019-08-13 00:57:07.330] [renderer1] [error] <semantic> TypeScript Server Error (3.5.2)
Debug Failure. Did not expect JsxSelfClosingElement to have an Identifier in its trivia
Error: Debug Failure. Did not expect JsxSelfClosingElement to have an Identifier in its trivia
    at addSyntheticNodes (tsserver.js:121116:30)
    at createChildren (tsserver.js:121105:9)
    at NodeObject.getChildren (tsserver.js:121049:56)
    at getTokenAtPositionWorker (tsserver.js:96666:43)
    at Object.getTokenAtPosition (tsserver.js:96658:16)
    at getInfo (tsserver.js:117588:28)
    at Object.getAvailableActions (tsserver.js:117572:28)
    at tsserver.js:112890:128
    at getIterator (tsserver.js:627:23)
    at Object.flatMapIterator (tsserver.js:610:27)
    at Object.getApplicableRefactors (tsserver.js:112889:36)
    at Object.getApplicableRefactors (tsserver.js:122652:32)
    at IOSession.Session.getApplicableRefactors (tsserver.js:131421:53)
    at Session.handlers.ts.createMapFromTemplate._a.(anonymous function) (tsserver.js:130239:61)
    at tsserver.js:131665:88
    at IOSession.Session.executeWithRequestId (tsserver.js:131656:28)
    at IOSession.Session.executeCommand (tsserver.js:131665:33)
    at IOSession.Session.onMessage (tsserver.js:131687:35)
    at Interface.<anonymous> (tsserver.js:132978:27)
    at Interface.emit (events.js:182:13)
    at Interface._onLine (readline.js:290:10)
    at Interface._normalWrite (readline.js:433:12)
    at Socket.ondata (readline.js:149:10)
    at Socket.emit (events.js:182:13)
    at addChunk (_stream_readable.js:283:12)
    at readableAddChunk (_stream_readable.js:264:11)
    at Socket.Readable.push (_stream_readable.js:219:10)
    at Pipe.onStreamRead [as onread] (internal/stream_base_commons.js:94:17): Error: <semantic> TypeScript Server Error (3.5.2)
Debug Failure. Did not expect JsxSelfClosingElement to have an Identifier in its trivia
Error: Debug Failure. Did not expect JsxSelfClosingElement to have an Identifier in its trivia
    at addSyntheticNodes (tsserver.js:121116:30)
    at createChildren (tsserver.js:121105:9)
    at NodeObject.getChildren (tsserver.js:121049:56)
    at getTokenAtPositionWorker (tsserver.js:96666:43)
    at Object.getTokenAtPosition (tsserver.js:96658:16)
    at getInfo (tsserver.js:117588:28)
    at Object.getAvailableActions (tsserver.js:117572:28)
    at tsserver.js:112890:128
    at getIterator (tsserver.js:627:23)
    at Object.flatMapIterator (tsserver.js:610:27)
    at Object.getApplicableRefactors (tsserver.js:112889:36)
    at Object.getApplicableRefactors (tsserver.js:122652:32)
    at IOSession.Session.getApplicableRefactors (tsserver.js:131421:53)
    at Session.handlers.ts.createMapFromTemplate._a.(anonymous function) (tsserver.js:130239:61)
    at tsserver.js:131665:88
    at IOSession.Session.executeWithRequestId (tsserver.js:131656:28)
    at IOSession.Session.executeCommand (tsserver.js:131665:33)
    at IOSession.Session.onMessage (tsserver.js:131687:35)
    at Interface.<anonymous> (tsserver.js:132978:27)
    at Interface.emit (events.js:182:13)
    at Interface._onLine (readline.js:290:10)
    at Interface._normalWrite (readline.js:433:12)
    at Socket.ondata (readline.js:149:10)
    at Socket.emit (events.js:182:13)
    at addChunk (_stream_readable.js:283:12)
    at readableAddChunk (_stream_readable.js:264:11)
    at Socket.Readable.push (_stream_readable.js:219:10)
    at Pipe.onStreamRead [as onread] (internal/stream_base_commons.js:94:17)
	at Function.create (/snap/code/12/usr/share/code/resources/app/extensions/typescript-language-features/dist/extension.js:53:63463)
	at h.dispatchResponse (/snap/code/12/usr/share/code/resources/app/extensions/typescript-language-features/dist/extension.js:53:56618)
	at h.dispatchMessage (/snap/code/12/usr/share/code/resources/app/extensions/typescript-language-features/dist/extension.js:53:55516)
	at constructor._reader.onData.e (/snap/code/12/usr/share/code/resources/app/extensions/typescript-language-features/dist/extension.js:53:54992)
	at u.fire (/snap/code/12/usr/share/code/resources/app/out/vs/workbench/services/extensions/node/extensionHostProcess.js:50:207)
	at t.Reader.onLengthData (/snap/code/12/usr/share/code/resources/app/extensions/typescript-language-features/dist/extension.js:53:61683)
	at Socket.t.Reader.constructor.e.on.e (/snap/code/12/usr/share/code/resources/app/extensions/typescript-language-features/dist/extension.js:53:61331)
	at Socket.emit (events.js:182:13)
	at addChunk (_stream_readable.js:283:12)
	at readableAddChunk (_stream_readable.js:264:11)
	at Socket.Readable.push (_stream_readable.js:219:10)
	at Pipe.onStreamRead [as onread] (internal/stream_base_commons.js:94:17)
[2019-08-13 00:57:11.979] [renderer1] [error] <semantic> TypeScript Server Error (3.5.2)
Debug Failure. Did not expect JsxSelfClosingElement to have an Identifier in its trivia
Error: Debug Failure. Did not expect JsxSelfClosingElement to have an Identifier in its trivia
    at addSyntheticNodes (tsserver.js:121116:30)
    at createChildren (tsserver.js:121105:9)
    at NodeObject.getChildren (tsserver.js:121049:56)
    at getTokenAtPositionWorker (tsserver.js:96666:43)
    at Object.getTokenAtPosition (tsserver.js:96658:16)
    at getInfo (tsserver.js:117588:28)
    at Object.getAvailableActions (tsserver.js:117572:28)
    at tsserver.js:112890:128
    at getIterator (tsserver.js:627:23)
    at Object.flatMapIterator (tsserver.js:610:27)
    at Object.getApplicableRefactors (tsserver.js:112889:36)
    at Object.getApplicableRefactors (tsserver.js:122652:32)
    at IOSession.Session.getApplicableRefactors (tsserver.js:131421:53)
    at Session.handlers.ts.createMapFromTemplate._a.(anonymous function) (tsserver.js:130239:61)
    at tsserver.js:131665:88
    at IOSession.Session.executeWithRequestId (tsserver.js:131656:28)
    at IOSession.Session.executeCommand (tsserver.js:131665:33)
    at IOSession.Session.onMessage (tsserver.js:131687:35)
    at Interface.<anonymous> (tsserver.js:132978:27)
    at Interface.emit (events.js:182:13)
    at Interface._onLine (readline.js:290:10)
    at Interface._normalWrite (readline.js:433:12)
    at Socket.ondata (readline.js:149:10)
    at Socket.emit (events.js:182:13)
    at addChunk (_stream_readable.js:283:12)
    at readableAddChunk (_stream_readable.js:264:11)
    at Socket.Readable.push (_stream_readable.js:219:10)
    at Pipe.onStreamRead [as onread] (internal/stream_base_commons.js:94:17): Error: <semantic> TypeScript Server Error (3.5.2)
Debug Failure. Did not expect JsxSelfClosingElement to have an Identifier in its trivia
Error: Debug Failure. Did not expect JsxSelfClosingElement to have an Identifier in its trivia
    at addSyntheticNodes (tsserver.js:121116:30)
    at createChildren (tsserver.js:121105:9)
    at NodeObject.getChildren (tsserver.js:121049:56)
    at getTokenAtPositionWorker (tsserver.js:96666:43)
    at Object.getTokenAtPosition (tsserver.js:96658:16)
    at getInfo (tsserver.js:117588:28)
    at Object.getAvailableActions (tsserver.js:117572:28)
    at tsserver.js:112890:128
    at getIterator (tsserver.js:627:23)
    at Object.flatMapIterator (tsserver.js:610:27)
    at Object.getApplicableRefactors (tsserver.js:112889:36)
    at Object.getApplicableRefactors (tsserver.js:122652:32)
    at IOSession.Session.getApplicableRefactors (tsserver.js:131421:53)
    at Session.handlers.ts.createMapFromTemplate._a.(anonymous function) (tsserver.js:130239:61)
    at tsserver.js:131665:88
    at IOSession.Session.executeWithRequestId (tsserver.js:131656:28)
    at IOSession.Session.executeCommand (tsserver.js:131665:33)
    at IOSession.Session.onMessage (tsserver.js:131687:35)
    at Interface.<anonymous> (tsserver.js:132978:27)
    at Interface.emit (events.js:182:13)
    at Interface._onLine (readline.js:290:10)
    at Interface._normalWrite (readline.js:433:12)
    at Socket.ondata (readline.js:149:10)
    at Socket.emit (events.js:182:13)
    at addChunk (_stream_readable.js:283:12)
    at readableAddChunk (_stream_readable.js:264:11)
    at Socket.Readable.push (_stream_readable.js:219:10)
    at Pipe.onStreamRead [as onread] (internal/stream_base_commons.js:94:17)
	at Function.create (/snap/code/12/usr/share/code/resources/app/extensions/typescript-language-features/dist/extension.js:53:63463)
	at h.dispatchResponse (/snap/code/12/usr/share/code/resources/app/extensions/typescript-language-features/dist/extension.js:53:56618)
	at h.dispatchMessage (/snap/code/12/usr/share/code/resources/app/extensions/typescript-language-features/dist/extension.js:53:55516)
	at constructor._reader.onData.e (/snap/code/12/usr/share/code/resources/app/extensions/typescript-language-features/dist/extension.js:53:54992)
	at u.fire (/snap/code/12/usr/share/code/resources/app/out/vs/workbench/services/extensions/node/extensionHostProcess.js:50:207)
	at t.Reader.onLengthData (/snap/code/12/usr/share/code/resources/app/extensions/typescript-language-features/dist/extension.js:53:61683)
	at Socket.t.Reader.constructor.e.on.e (/snap/code/12/usr/share/code/resources/app/extensions/typescript-language-features/dist/extension.js:53:61331)
	at Socket.emit (events.js:182:13)
	at addChunk (_stream_readable.js:283:12)
	at readableAddChunk (_stream_readable.js:264:11)
	at Socket.Readable.push (_stream_readable.js:219:10)
	at Pipe.onStreamRead [as onread] (internal/stream_base_commons.js:94:17)
