Looking for git in: git
Using git 2.19.1 from git
> git rev-parse --show-toplevel
> git rev-parse --git-dir
> git config --get commit.template
Open repository: /home/aman
> git status -z -u
> git config --local -l
> git check-ignore -v -z --stdin
> git check-ignore -v -z --stdin
> git show :Desktop/weather-app-react/src/App.css
> git ls-files --stage -- Desktop/weather-app-react/src/
> git show :Desktop/weather-app-react/src/App.js
> git ls-files --stage -- Desktop/weather-app-react/src/
> git show :Desktop/weather-app-react/src/App.css
> git ls-files --stage -- Desktop/weather-app-react/src/
> git show :Desktop/weather-app-react/src/App.js
> git ls-files --stage -- Desktop/weather-app-react/src/
> git check-ignore -v -z --stdin
> git show :Desktop/weather-app-react/src/index.js
> git ls-files --stage -- Desktop/weather-app-react/src/
> git symbolic-ref --short HEAD
> git rev-parse master
fatal: ambiguous argument 'master': unknown revision or path not in the working tree.
Use '--' to separate paths from revisions, like this:
'git <command> [<revision>...] -- [<file>...]'
> git for-each-ref --format %(refname) %(objectname) --sort -committerdate
> git remote --verbose
> git status -z -u
> git check-ignore -v -z --stdin
> git symbolic-ref --short HEAD
> git rev-parse master
fatal: ambiguous argument 'master': unknown revision or path not in the working tree.
Use '--' to separate paths from revisions, like this:
'git <command> [<revision>...] -- [<file>...]'
> git for-each-ref --format %(refname) %(objectname) --sort -committerdate
> git remote --verbose
> git config --local branch.master.github-pr-owner-number
> git config --local -l
> git status -z -u
> git check-ignore -v -z --stdin
> git symbolic-ref --short HEAD
> git rev-parse master
fatal: ambiguous argument 'master': unknown revision or path not in the working tree.
Use '--' to separate paths from revisions, like this:
'git <command> [<revision>...] -- [<file>...]'
> git for-each-ref --format %(refname) %(objectname) --sort -committerdate
> git remote --verbose
> git config --local branch.master.github-pr-owner-number
> git config --local -l
> git status -z -u
> git check-ignore -v -z --stdin
> git symbolic-ref --short HEAD
> git rev-parse master
fatal: ambiguous argument 'master': unknown revision or path not in the working tree.
Use '--' to separate paths from revisions, like this:
'git <command> [<revision>...] -- [<file>...]'
> git for-each-ref --format %(refname) %(objectname) --sort -committerdate
> git remote --verbose
> git config --local branch.master.github-pr-owner-number
> git show :Desktop/weather-app-react/src/App.js
> git ls-files --stage -- Desktop/weather-app-react/src/
> git show :Desktop/weather-app-react/src/App.css
> git ls-files --stage -- Desktop/weather-app-react/src/
> git show :Desktop/weather-app-react/src/App.js
> git ls-files --stage -- Desktop/weather-app-react/src/
> git show :Desktop/weather-app-react/src/index.js
> git ls-files --stage -- Desktop/weather-app-react/src/
> git check-ignore -v -z --stdin
> git show :Desktop/weather-app-react/public/index.html
> git ls-files --stage -- Desktop/weather-app-react/public/
> git show :Desktop/weather-app-react/src/App.js
> git ls-files --stage -- Desktop/weather-app-react/src/
> git show :Desktop/weather-app-react/src/App.css
> git ls-files --stage -- Desktop/weather-app-react/src/
> git show :Desktop/weather-app-react/src/App.js
> git ls-files --stage -- Desktop/weather-app-react/src/
> git check-ignore -v -z --stdin
> git show :Desktop/weather-app-react/src/components/Title.js
> git ls-files --stage -- Desktop/weather-app-react/src/components/
> git check-ignore -v -z --stdin
> git show :Desktop/weather-app-react/src/App.js
> git ls-files --stage -- Desktop/weather-app-react/src/
> git show :Desktop/weather-app-react/src/components/Title.js
> git ls-files --stage -- Desktop/weather-app-react/src/components/
> git show :Desktop/weather-app-react/src/components/Form.js
> git ls-files --stage -- Desktop/weather-app-react/src/components/
> git check-ignore -v -z --stdin
> git show :Desktop/weather-app-react/src/components/Title.js
> git ls-files --stage -- Desktop/weather-app-react/src/components/
> git show :Desktop/weather-app-react/src/components/Weather.js
> git ls-files --stage -- Desktop/weather-app-react/src/components/
> git check-ignore -v -z --stdin
> git show :Desktop/weather-app-react/src/components/Form.js
> git ls-files --stage -- Desktop/weather-app-react/src/components/
> git show :Desktop/weather-app-react/src/components/Weather.js
> git ls-files --stage -- Desktop/weather-app-react/src/components/
> git show :Desktop/weather-app-react/src/components/Title.js
> git ls-files --stage -- Desktop/weather-app-react/src/components/
> git show :Desktop/weather-app-react/src/components/Form.js
> git ls-files --stage -- Desktop/weather-app-react/src/components/
> git show :Desktop/weather-app-react/src/App.js
> git ls-files --stage -- Desktop/weather-app-react/src/
> git show :Desktop/weather-app-react/src/components/Weather.js
> git ls-files --stage -- Desktop/weather-app-react/src/components/
> git show :Desktop/weather-app-react/src/App.js
> git ls-files --stage -- Desktop/weather-app-react/src/
> git show :Desktop/weather-app-react/src/components/Weather.js
> git ls-files --stage -- Desktop/weather-app-react/src/components/
> git show :Desktop/weather-app-react/src/App.js
> git ls-files --stage -- Desktop/weather-app-react/src/
> git show :Desktop/weather-app-react/src/components/Weather.js
> git ls-files --stage -- Desktop/weather-app-react/src/components/
> git show :Desktop/weather-app-react/src/App.js
> git ls-files --stage -- Desktop/weather-app-react/src/
> git show :Desktop/weather-app-react/src/components/Weather.js
> git ls-files --stage -- Desktop/weather-app-react/src/components/
> git show :Desktop/weather-app-react/src/App.js
> git ls-files --stage -- Desktop/weather-app-react/src/
> git show :Desktop/weather-app-react/src/components/Form.js
> git ls-files --stage -- Desktop/weather-app-react/src/components/
> git show :Desktop/weather-app-react/src/App.js
> git ls-files --stage -- Desktop/weather-app-react/src/
> git show :Desktop/weather-app-react/src/components/Form.js
> git ls-files --stage -- Desktop/weather-app-react/src/components/
> git show :Desktop/weather-app-react/src/App.js
> git ls-files --stage -- Desktop/weather-app-react/src/
> git show :Desktop/weather-app-react/src/components/Form.js
> git ls-files --stage -- Desktop/weather-app-react/src/components/
> git show :Desktop/weather-app-react/src/App.js
> git ls-files --stage -- Desktop/weather-app-react/src/
> git show :Desktop/weather-app-react/src/components/Title.js
> git ls-files --stage -- Desktop/weather-app-react/src/components/
> git show :Desktop/weather-app-react/src/App.js
> git ls-files --stage -- Desktop/weather-app-react/src/
> git show :Desktop/weather-app-react/src/components/Form.js
> git ls-files --stage -- Desktop/weather-app-react/src/components/
> git show :Desktop/weather-app-react/src/components/Weather.js
> git ls-files --stage -- Desktop/weather-app-react/src/components/
> git show :Desktop/weather-app-react/src/components/Form.js
> git ls-files --stage -- Desktop/weather-app-react/src/components/
> git show :Desktop/weather-app-react/src/App.js
> git ls-files --stage -- Desktop/weather-app-react/src/
> git show :Desktop/weather-app-react/src/components/Weather.js
> git ls-files --stage -- Desktop/weather-app-react/src/components/
> git show :Desktop/weather-app-react/src/components/Title.js
> git ls-files --stage -- Desktop/weather-app-react/src/components/
> git show :Desktop/weather-app-react/src/components/Form.js
> git ls-files --stage -- Desktop/weather-app-react/src/components/
> git show :Desktop/weather-app-react/src/App.js
> git ls-files --stage -- Desktop/weather-app-react/src/
> git show :Desktop/weather-app-react/src/components/Form.js
> git ls-files --stage -- Desktop/weather-app-react/src/components/
> git show :Desktop/weather-app-react/src/App.js
> git ls-files --stage -- Desktop/weather-app-react/src/
> git show :Desktop/weather-app-react/src/components/Form.js
> git ls-files --stage -- Desktop/weather-app-react/src/components/
> git show :Desktop/weather-app-react/src/App.js
> git ls-files --stage -- Desktop/weather-app-react/src/
> git show :Desktop/weather-app-react/src/components/Form.js
> git ls-files --stage -- Desktop/weather-app-react/src/components/
> git show :Desktop/weather-app-react/src/App.js
> git ls-files --stage -- Desktop/weather-app-react/src/
> git show :Desktop/weather-app-react/src/components/Weather.js
> git ls-files --stage -- Desktop/weather-app-react/src/components/
> git show :Desktop/weather-app-react/src/App.js
> git ls-files --stage -- Desktop/weather-app-react/src/
> git show :Desktop/weather-app-react/src/components/Weather.js
> git ls-files --stage -- Desktop/weather-app-react/src/components/
> git show :Desktop/weather-app-react/src/App.js
> git ls-files --stage -- Desktop/weather-app-react/src/
> git show :Desktop/weather-app-react/src/components/Weather.js
> git ls-files --stage -- Desktop/weather-app-react/src/components/
> git show :Desktop/weather-app-react/src/components/Title.js
> git ls-files --stage -- Desktop/weather-app-react/src/components/
> git show :Desktop/weather-app-react/src/components/Form.js
> git ls-files --stage -- Desktop/weather-app-react/src/components/
> git show :Desktop/weather-app-react/src/App.js
> git ls-files --stage -- Desktop/weather-app-react/src/
> git check-ignore -v -z --stdin
> git show :Desktop/weather-app-react/src/components/Form.js
> git ls-files --stage -- Desktop/weather-app-react/src/components/
> git show :Desktop/weather-app-react/src/App.css
> git ls-files --stage -- Desktop/weather-app-react/src/
> git show :Desktop/weather-app-react/src/components/Title.js
> git ls-files --stage -- Desktop/weather-app-react/src/components/
> git show :Desktop/weather-app-react/src/components/Weather.js
> git ls-files --stage -- Desktop/weather-app-react/src/components/
> git show :Desktop/weather-app-react/src/components/Form.js
> git ls-files --stage -- Desktop/weather-app-react/src/components/
> git show :Desktop/weather-app-react/src/App.js
> git ls-files --stage -- Desktop/weather-app-react/src/
> git show :Desktop/weather-app-react/src/components/Weather.js
> git ls-files --stage -- Desktop/weather-app-react/src/components/
> git show :Desktop/weather-app-react/src/components/Form.js
> git ls-files --stage -- Desktop/weather-app-react/src/components/
> git show :Desktop/weather-app-react/src/App.js
> git ls-files --stage -- Desktop/weather-app-react/src/
> git show :Desktop/weather-app-react/src/components/Form.js
> git ls-files --stage -- Desktop/weather-app-react/src/components/
> git show :Desktop/weather-app-react/src/components/Weather.js
> git ls-files --stage -- Desktop/weather-app-react/src/components/
> git show :Desktop/weather-app-react/src/components/Form.js
> git ls-files --stage -- Desktop/weather-app-react/src/components/
> git show :Desktop/weather-app-react/src/App.js
> git ls-files --stage -- Desktop/weather-app-react/src/
> git show :Desktop/weather-app-react/src/components/Weather.js
> git ls-files --stage -- Desktop/weather-app-react/src/components/
