[2019-08-12 20:46:05.182] [exthost] [info] extension host started
[2019-08-12 20:46:05.214] [exthost] [info] ExtensionService#_doActivateExtension vscode.debug-auto-launch {"startup":true,"activationEvent":"*"}
[2019-08-12 20:46:05.214] [exthost] [info] ExtensionService#loadCommonJSModule /snap/code/12/usr/share/code/resources/app/extensions/debug-auto-launch/dist/extension
[2019-08-12 20:46:05.217] [exthost] [info] ExtensionService#_doActivateExtension vscode.emmet {"startup":true,"activationEvent":"*"}
[2019-08-12 20:46:05.217] [exthost] [info] ExtensionService#loadCommonJSModule /snap/code/12/usr/share/code/resources/app/extensions/emmet/dist/extension
[2019-08-12 20:46:05.282] [exthost] [info] ExtensionService#_doActivateExtension vscode.git {"startup":true,"activationEvent":"*"}
[2019-08-12 20:46:05.282] [exthost] [info] ExtensionService#loadCommonJSModule /snap/code/12/usr/share/code/resources/app/extensions/git/dist/main
[2019-08-12 20:46:05.364] [exthost] [info] ExtensionService#_doActivateExtension vscode.merge-conflict {"startup":true,"activationEvent":"*"}
[2019-08-12 20:46:05.364] [exthost] [info] ExtensionService#loadCommonJSModule /snap/code/12/usr/share/code/resources/app/extensions/merge-conflict/dist/extension
[2019-08-12 20:46:05.367] [exthost] [info] ExtensionService#_doActivateExtension ritwickdey.LiveServer {"startup":true,"activationEvent":"*"}
[2019-08-12 20:46:05.368] [exthost] [info] ExtensionService#loadCommonJSModule /home/aman/.vscode/extensions/ritwickdey.liveserver-5.6.1/out/src/extension
[2019-08-12 20:46:05.547] [exthost] [info] eager extensions activated
[2019-08-12 20:46:05.586] [exthost] [info] ExtensionService#_doActivateExtension GitHub.vscode-pull-request-github {"startup":true,"activationEvent":"*"}
[2019-08-12 20:46:05.586] [exthost] [info] ExtensionService#loadCommonJSModule /home/aman/.vscode/extensions/github.vscode-pull-request-github-0.9.2/media/extension
[2019-08-12 20:46:24.503] [exthost] [info] extension host started
[2019-08-12 20:46:24.532] [exthost] [info] ExtensionService#_doActivateExtension vscode.debug-auto-launch {"startup":true,"activationEvent":"*"}
[2019-08-12 20:46:24.532] [exthost] [info] ExtensionService#loadCommonJSModule /snap/code/12/usr/share/code/resources/app/extensions/debug-auto-launch/dist/extension
[2019-08-12 20:46:24.535] [exthost] [info] ExtensionService#_doActivateExtension vscode.emmet {"startup":true,"activationEvent":"*"}
[2019-08-12 20:46:24.535] [exthost] [info] ExtensionService#loadCommonJSModule /snap/code/12/usr/share/code/resources/app/extensions/emmet/dist/extension
[2019-08-12 20:46:24.569] [exthost] [info] ExtensionService#_doActivateExtension vscode.git {"startup":true,"activationEvent":"*"}
[2019-08-12 20:46:24.569] [exthost] [info] ExtensionService#loadCommonJSModule /snap/code/12/usr/share/code/resources/app/extensions/git/dist/main
[2019-08-12 20:46:24.639] [exthost] [info] ExtensionService#_doActivateExtension vscode.merge-conflict {"startup":true,"activationEvent":"*"}
[2019-08-12 20:46:24.639] [exthost] [info] ExtensionService#loadCommonJSModule /snap/code/12/usr/share/code/resources/app/extensions/merge-conflict/dist/extension
[2019-08-12 20:46:24.643] [exthost] [info] ExtensionService#_doActivateExtension ritwickdey.LiveServer {"startup":true,"activationEvent":"*"}
[2019-08-12 20:46:24.643] [exthost] [info] ExtensionService#loadCommonJSModule /home/aman/.vscode/extensions/ritwickdey.liveserver-5.6.1/out/src/extension
[2019-08-12 20:46:24.863] [exthost] [info] ExtensionService#_doActivateExtension vscode.npm {"startup":true,"activationEvent":"workspaceContains:package.json"}
[2019-08-12 20:46:24.863] [exthost] [info] ExtensionService#loadCommonJSModule /snap/code/12/usr/share/code/resources/app/extensions/npm/dist/main
[2019-08-12 20:46:25.438] [exthost] [info] eager extensions activated
[2019-08-12 20:46:25.452] [exthost] [info] ExtensionService#_doActivateExtension GitHub.vscode-pull-request-github {"startup":true,"activationEvent":"*"}
[2019-08-12 20:46:25.452] [exthost] [info] ExtensionService#loadCommonJSModule /home/aman/.vscode/extensions/github.vscode-pull-request-github-0.9.2/media/extension
[2019-08-12 20:46:52.217] [exthost] [info] ExtensionService#_doActivateExtension vscode.css-language-features {"startup":false,"activationEvent":"onLanguage:css"}
[2019-08-12 20:46:52.217] [exthost] [info] ExtensionService#loadCommonJSModule /snap/code/12/usr/share/code/resources/app/extensions/css-language-features/client/dist/cssMain
[2019-08-12 20:47:01.179] [exthost] [info] ExtensionService#_doActivateExtension vscode.html-language-features {"startup":false,"activationEvent":"onLanguage:html"}
[2019-08-12 20:47:01.179] [exthost] [info] ExtensionService#loadCommonJSModule /snap/code/12/usr/share/code/resources/app/extensions/html-language-features/client/dist/htmlMain
[2019-08-12 20:47:11.127] [exthost] [info] ExtensionService#_doActivateExtension vscode.typescript-language-features {"startup":false,"activationEvent":"onLanguage:javascript"}
[2019-08-12 20:47:11.127] [exthost] [info] ExtensionService#loadCommonJSModule /snap/code/12/usr/share/code/resources/app/extensions/typescript-language-features/dist/extension
[2019-08-12 20:55:52.001] [exthost] [info] ExtensionService#_doActivateExtension vscode.extension-editing {"startup":false,"activationEvent":"onLanguage:typescript"}
[2019-08-12 20:55:52.001] [exthost] [info] ExtensionService#loadCommonJSModule /snap/code/12/usr/share/code/resources/app/extensions/extension-editing/dist/extension
[2019-08-12 20:56:14.760] [exthost] [info] ExtensionService#_doActivateExtension vscode.configuration-editing {"startup":false,"activationEvent":"onLanguage:jsonc"}
[2019-08-12 20:56:14.760] [exthost] [info] ExtensionService#loadCommonJSModule /snap/code/12/usr/share/code/resources/app/extensions/configuration-editing/dist/extension
[2019-08-12 20:56:14.768] [exthost] [info] ExtensionService#_doActivateExtension vscode.json-language-features {"startup":false,"activationEvent":"onLanguage:jsonc"}
[2019-08-12 20:56:14.768] [exthost] [info] ExtensionService#loadCommonJSModule /snap/code/12/usr/share/code/resources/app/extensions/json-language-features/client/dist/jsonMain
